<?xml version="1.0" encoding="UTF-8"?>
<testng-results ignored="0" total="1" passed="1" failed="0" skipped="0">
  <reporter-output>
  </reporter-output>
  <suite started-at="2020-04-29T11:43:01 IST" name="Suite" finished-at="2020-04-29T11:43:05 IST" duration-ms="3738">
    <groups>
    </groups>
    <test started-at="2020-04-29T11:43:01 IST" name="Test" finished-at="2020-04-29T11:43:05 IST" duration-ms="3738">
      <class name="LoginScript">
        <test-method signature="launchBrowser()[pri:0, instance:LoginScript@341b80b2]" started-at="2020-04-29T11:43:01 IST" name="launchBrowser" finished-at="2020-04-29T11:43:05 IST" duration-ms="3686" status="PASS">
          <reporter-output>
          </reporter-output>
        </test-method> <!-- launchBrowser -->
      </class> <!-- LoginScript -->
    </test> <!-- Test -->
  </suite> <!-- Suite -->
</testng-results>
