<?xml version="1.0" encoding="UTF-8"?>
<testng-results ignored="0" total="1" passed="1" failed="0" skipped="0">
  <reporter-output>
  </reporter-output>
  <suite started-at="2020-04-27T14:28:11 IST" name="Default suite" finished-at="2020-04-27T14:28:16 IST" duration-ms="5213">
    <groups>
    </groups>
    <test started-at="2020-04-27T14:28:11 IST" name="Default test" finished-at="2020-04-27T14:28:16 IST" duration-ms="5213">
      <class name="LoginScript">
        <test-method signature="launchBrowser()[pri:0, instance:LoginScript@147ed70f]" started-at="2020-04-27T14:28:11 IST" name="launchBrowser" finished-at="2020-04-27T14:28:16 IST" duration-ms="5117" status="PASS">
          <reporter-output>
          </reporter-output>
        </test-method> <!-- launchBrowser -->
      </class> <!-- LoginScript -->
    </test> <!-- Default test -->
  </suite> <!-- Default suite -->
</testng-results>
